[2025-02-14 18:00:11] [DEBUG]: Controller initialized
[2025-02-14 18:00:12] [DEBUG]: Controller initialized
[2025-02-14 18:00:12] [DEBUG]: Controller initialized
[2025-02-14 18:00:12] [DEBUG]: Controller initialized
[2025-02-14 18:00:12] [DEBUG]: Controller initialized
[2025-02-14 18:02:47] [DEBUG]: Controller initialized
[2025-02-14 18:02:58] [DEBUG]: Controller initialized
[2025-02-14 18:03:08] [DEBUG]: Controller initialized
[2025-02-14 18:05:57] [DEBUG]: Controller initialized
[2025-02-14 18:06:41] [DEBUG]: Controller initialized
[2025-02-14 18:07:26] [DEBUG]: Controller initialized
[2025-02-14 18:07:27] [DEBUG]: Controller initialized
[2025-02-14 18:07:27] [DEBUG]: Controller initialized
[2025-02-14 18:07:39] [DEBUG]: Controller initialized
[2025-02-14 18:08:03] [DEBUG]: Controller initialized
[2025-02-14 18:08:54] [DEBUG]: Controller initialized
[2025-02-14 18:10:03] [DEBUG]: Controller initialized
[2025-02-14 18:10:47] [DEBUG]: Controller initialized
[2025-02-14 18:12:49] [DEBUG]: Controller initialized
[2025-02-14 18:13:13] [DEBUG]: Controller initialized
[2025-02-14 18:13:41] [DEBUG]: Controller initialized
[2025-02-14 18:14:40] [DEBUG]: Controller initialized
[2025-02-14 18:15:49] [DEBUG]: Controller initialized
[2025-02-14 18:16:09] [DEBUG]: Controller initialized
[2025-02-14 18:16:38] [DEBUG]: Controller initialized
[2025-02-14 18:17:48] [DEBUG]: Controller initialized
[2025-02-14 18:18:17] [DEBUG]: Controller initialized
[2025-02-14 18:19:06] [DEBUG]: Controller initialized
[2025-02-14 18:21:00] [DEBUG]: Controller initialized
[2025-02-14 18:22:04] [DEBUG]: Controller initialized
[2025-02-14 18:23:10] [DEBUG]: Controller initialized
[2025-02-14 18:23:55] [DEBUG]: Controller initialized
[2025-02-14 18:24:27] [DEBUG]: Controller initialized
[2025-02-14 18:26:26] [DEBUG]: Controller initialized
[2025-02-14 18:26:55] [DEBUG]: Controller initialized
[2025-02-14 18:31:44] [DEBUG]: Controller initialized
[2025-02-14 18:32:33] [DEBUG]: Controller initialized
[2025-02-14 18:32:58] [DEBUG]: Controller initialized
[2025-02-14 18:33:17] [DEBUG]: Controller initialized
[2025-02-14 18:33:36] [DEBUG]: Controller initialized
[2025-02-14 18:33:59] [DEBUG]: Controller initialized
[2025-02-14 18:34:28] [DEBUG]: Controller initialized
[2025-02-14 18:35:45] [DEBUG]: Controller initialized
[2025-02-14 18:36:20] [DEBUG]: Controller initialized
[2025-02-14 18:36:52] [DEBUG]: Controller initialized
[2025-02-14 18:37:04] [DEBUG]: Controller initialized
[2025-02-14 18:37:32] [DEBUG]: Controller initialized
[2025-02-14 18:37:56] [DEBUG]: Controller initialized
[2025-02-14 18:38:58] [DEBUG]: Controller initialized
[2025-02-14 18:40:16] [DEBUG]: Controller initialized
[2025-02-14 18:41:13] [DEBUG]: Controller initialized
[2025-02-14 18:43:05] [DEBUG]: Controller initialized
[2025-02-14 18:44:50] [DEBUG]: Controller initialized
[2025-02-14 18:45:28] [DEBUG]: Controller initialized
[2025-02-14 18:47:10] [DEBUG]: Controller initialized
[2025-02-14 18:47:40] [DEBUG]: Controller initialized
[2025-02-14 18:48:10] [DEBUG]: Controller initialized
[2025-02-14 18:48:51] [DEBUG]: Controller initialized
[2025-02-14 18:49:30] [DEBUG]: Controller initialized
[2025-02-14 18:50:07] [DEBUG]: Controller initialized
[2025-02-14 18:53:35] [DEBUG]: Controller initialized
[2025-02-14 18:55:17] [DEBUG]: Controller initialized
[2025-02-14 18:55:42] [DEBUG]: Controller initialized
[2025-02-14 18:57:13] [DEBUG]: Controller initialized
[2025-02-14 18:57:31] [DEBUG]: Controller initialized
[2025-02-14 18:58:08] [DEBUG]: Controller initialized
[2025-02-14 18:58:43] [DEBUG]: Controller initialized
[2025-02-14 18:59:28] [DEBUG]: Controller initialized
[2025-02-14 19:01:24] [DEBUG]: Controller initialized
[2025-02-14 19:02:40] [DEBUG]: Controller initialized
[2025-02-14 19:03:53] [DEBUG]: Controller initialized
[2025-02-14 19:04:29] [DEBUG]: Controller initialized
[2025-02-14 19:06:47] [DEBUG]: Controller initialized
[2025-02-14 19:07:18] [DEBUG]: Controller initialized
[2025-02-14 19:07:21] [DEBUG]: Controller initialized
[2025-02-14 19:07:35] [DEBUG]: Controller initialized
[2025-02-14 19:07:52] [DEBUG]: Controller initialized
[2025-02-14 19:07:52] [DEBUG]: Controller initialized
[2025-02-14 19:08:13] [DEBUG]: Controller initialized
[2025-02-14 19:08:18] [DEBUG]: Controller initialized
[2025-02-14 19:10:11] [DEBUG]: Controller initialized
[2025-02-14 19:10:32] [DEBUG]: Controller initialized
[2025-02-14 19:10:47] [DEBUG]: Controller initialized
[2025-02-14 19:11:26] [DEBUG]: Controller initialized
[2025-02-14 19:11:58] [DEBUG]: Controller initialized
[2025-02-14 19:13:29] [DEBUG]: Controller initialized
[2025-02-14 19:13:41] [DEBUG]: Controller initialized
[2025-02-14 19:13:54] [DEBUG]: Controller initialized
[2025-02-14 19:14:17] [DEBUG]: Controller initialized
[2025-02-14 19:14:37] [DEBUG]: Controller initialized
[2025-02-14 19:16:16] [DEBUG]: Controller initialized
[2025-02-14 19:16:18] [DEBUG]: Controller initialized
[2025-02-14 19:16:34] [DEBUG]: Controller initialized
[2025-02-14 19:16:48] [DEBUG]: Controller initialized
[2025-02-14 19:16:59] [DEBUG]: Controller initialized
[2025-02-14 19:17:08] [DEBUG]: Controller initialized
[2025-02-14 19:17:44] [DEBUG]: Controller initialized
[2025-02-14 19:17:56] [DEBUG]: Controller initialized
[2025-02-14 19:18:52] [DEBUG]: Controller initialized
[2025-02-14 19:20:24] [DEBUG]: Controller initialized
[2025-02-14 19:20:28] [DEBUG]: Controller initialized
[2025-02-14 19:20:32] [DEBUG]: Controller initialized
[2025-02-14 19:22:05] [DEBUG]: Controller initialized
[2025-02-14 19:22:10] [DEBUG]: Controller initialized
[2025-02-14 19:23:11] [DEBUG]: Controller initialized
[2025-02-14 19:23:14] [DEBUG]: Controller initialized
[2025-02-14 19:23:18] [DEBUG]: Controller initialized
[2025-02-14 19:23:51] [DEBUG]: Controller initialized
[2025-02-14 19:25:17] [DEBUG]: Controller initialized
[2025-02-14 19:25:32] [DEBUG]: Controller initialized
[2025-02-14 19:26:29] [DEBUG]: Controller initialized
[2025-02-14 19:26:32] [DEBUG]: Controller initialized
[2025-02-14 19:26:36] [DEBUG]: Controller initialized
[2025-02-14 19:28:15] [DEBUG]: Controller initialized
[2025-02-14 19:29:39] [DEBUG]: Controller initialized
[2025-02-14 19:29:44] [DEBUG]: Controller initialized
[2025-02-14 19:30:16] [DEBUG]: Controller initialized
[2025-02-14 19:30:18] [DEBUG]: Controller initialized
[2025-02-14 19:30:20] [DEBUG]: Controller initialized
[2025-02-14 19:30:22] [DEBUG]: Controller initialized
[2025-02-14 19:30:25] [DEBUG]: Controller initialized
[2025-02-14 19:30:26] [DEBUG]: Controller initialized
[2025-02-14 19:31:29] [DEBUG]: Controller initialized
[2025-02-14 19:31:41] [DEBUG]: Controller initialized
[2025-02-14 19:31:44] [DEBUG]: Controller initialized
[2025-02-14 19:32:34] [DEBUG]: Controller initialized
[2025-02-14 19:36:08] [DEBUG]: Controller initialized
[2025-02-14 19:36:46] [DEBUG]: Controller initialized
[2025-02-14 19:37:20] [DEBUG]: Controller initialized
[2025-02-14 19:37:42] [DEBUG]: Controller initialized
[2025-02-14 19:37:51] [DEBUG]: Controller initialized
[2025-02-14 19:37:54] [DEBUG]: Controller initialized
[2025-02-14 19:37:56] [DEBUG]: Controller initialized
[2025-02-14 19:37:57] [DEBUG]: Controller initialized
[2025-02-14 19:37:59] [DEBUG]: Controller initialized
[2025-02-14 19:57:56] [DEBUG]: Controller initialized
[2025-02-14 20:29:24] [ERROR]: Error: Class Vision\Application contains 2 abstract methods and must therefore be declared abstract or implement the remaining methods (Vinexel\Modules\Interface\LazyInterface::handle, Vinexel\Modules\Interface\LazyInterface::showChallengePage)
File: C:\xampp\htdocs\visioniconic-development\vinexel-api\system\framework\Application.php on line 16
Trace:
#0 [internal function]: {closure}()
#1 {main}

[2025-02-14 20:33:08] [DEBUG]: Controller initialized
[2025-02-14 21:03:05] [DEBUG]: Controller initialized
[2025-02-14 21:09:59] [DEBUG]: Controller initialized
[2025-02-14 21:11:15] [DEBUG]: Controller initialized
[2025-02-14 21:13:56] [DEBUG]: Controller initialized
[2025-02-14 21:19:32] [DEBUG]: Controller initialized
[2025-02-14 21:19:37] [DEBUG]: Controller initialized
[2025-02-14 21:23:01] [DEBUG]: Controller initialized
[2025-02-14 21:24:40] [DEBUG]: Controller initialized
[2025-02-14 21:25:29] [DEBUG]: Controller initialized
[2025-02-15 17:36:09] [DEBUG]: Controller initialized
[2025-02-15 17:49:08] [DEBUG]: Controller initialized
[2025-02-15 17:49:08] [ERROR]: Error: Undefined constant "Vinexel\Modules\Controller\RESTRICTION"
File: C:\xampp\htdocs\visioniconic-development\vinexel-api\system\vendor\plugins\vinexel\Modules\Controller\Controller.php on line 54
Trace:
#0 C:\xampp\htdocs\visioniconic-development\vinexel-api\system\framework\Modules\Controller.php(36): Vinexel\Modules\Controller\Controller->render('indonesia.index', 'layouts.indones...', Array, NULL)
#1 C:\xampp\htdocs\visioniconic-development\vinexel-api\app\Project1\Controllers\HomeController.php(31): Vision\Modules\Controller->render('indonesia.index', 'layouts.indones...', Array)
#2 [internal function]: Project1\Controllers\HomeController->index()
#3 C:\xampp\htdocs\visioniconic-development\vinexel-api\system\vendor\plugins\vinexel\Modules\Router\Router.php(150): call_user_func_array(Array, Array)
#4 C:\xampp\htdocs\visioniconic-development\vinexel-api\system\vendor\plugins\vinexel\Modules\Router\Router.php(92): Vinexel\Modules\Router\Router::callAction('HomeController@...', Array)
#5 C:\xampp\htdocs\visioniconic-development\vinexel-api\system\framework\Modules\Router.php(71): Vinexel\Modules\Router\Router::dispatch('', 'index', Array)
#6 C:\xampp\htdocs\visioniconic-development\vinexel-api\system\vendor\plugins\vinexel\Modules\Router\RouterInitializer.php(32): Vision\Modules\Router::dispatch('', 'index', Array)
#7 C:\xampp\htdocs\visioniconic-development\vinexel-api\system\vendor\plugins\vinexel\Modules\RegisterModule.php(64): Vinexel\Modules\Router\RouterInitializer::initRouter('', 'index', Array)
#8 C:\xampp\htdocs\visioniconic-development\vinexel-api\system\vendor\plugins\vinexel\Modules\RegisterModule.php(126): Vinexel\Modules\RegisterModule->__construct()
#9 C:\xampp\htdocs\visioniconic-development\vinexel-api\system\vendor\vision\Core\Transmitter.php(27): Vinexel\Modules\RegisterModule::getInstance()
#10 C:\xampp\htdocs\visioniconic-development\vinexel-api\public\index.php(32): Iconic\Core\Transmitter::http()
#11 {main}

[2025-02-15 17:49:53] [DEBUG]: Controller initialized
[2025-02-15 17:50:34] [DEBUG]: Controller initialized
[2025-02-15 17:50:34] [ERROR]: Error: Undefined constant "Vinexel\Modules\Config\F_R"
File: C:\xampp\htdocs\visioniconic-development\vinexel-api\system\vendor\plugins\vinexel\Modules\Config\Requirements.php on line 39
Trace:
#0 C:\xampp\htdocs\visioniconic-development\vinexel-api\system\framework\Modules\Requirements.php(43): Vinexel\Modules\Config\Requirements::Rapid()
#1 C:\xampp\htdocs\visioniconic-development\vinexel-api\system\vendor\plugins\vinexel\Modules\View\ViewRenderer.php(129): Vision\Modules\Requirements::getRapid()
#2 C:\xampp\htdocs\visioniconic-development\vinexel-api\system\vendor\plugins\vinexel\Modules\View\ViewRenderer.php(53): Vinexel\Modules\View\ViewRenderer->isRapidFile('indonesia\\index')
#3 C:\xampp\htdocs\visioniconic-development\vinexel-api\system\vendor\plugins\vinexel\Modules\Controller\Controller.php(41): Vinexel\Modules\View\ViewRenderer->renderFile('indonesia\\index', Array)
#4 C:\xampp\htdocs\visioniconic-development\vinexel-api\system\framework\Modules\Controller.php(36): Vinexel\Modules\Controller\Controller->render('indonesia.index', 'layouts.indones...', Array, NULL)
#5 C:\xampp\htdocs\visioniconic-development\vinexel-api\app\Project1\Controllers\HomeController.php(31): Vision\Modules\Controller->render('indonesia.index', 'layouts.indones...', Array)
#6 [internal function]: Project1\Controllers\HomeController->index()
#7 C:\xampp\htdocs\visioniconic-development\vinexel-api\system\vendor\plugins\vinexel\Modules\Router\Router.php(150): call_user_func_array(Array, Array)
#8 C:\xampp\htdocs\visioniconic-development\vinexel-api\system\vendor\plugins\vinexel\Modules\Router\Router.php(92): Vinexel\Modules\Router\Router::callAction('HomeController@...', Array)
#9 C:\xampp\htdocs\visioniconic-development\vinexel-api\system\framework\Modules\Router.php(71): Vinexel\Modules\Router\Router::dispatch('', 'index', Array)
#10 C:\xampp\htdocs\visioniconic-development\vinexel-api\system\vendor\plugins\vinexel\Modules\Router\RouterInitializer.php(32): Vision\Modules\Router::dispatch('', 'index', Array)
#11 C:\xampp\htdocs\visioniconic-development\vinexel-api\system\vendor\plugins\vinexel\Modules\RegisterModule.php(64): Vinexel\Modules\Router\RouterInitializer::initRouter('', 'index', Array)
#12 C:\xampp\htdocs\visioniconic-development\vinexel-api\system\vendor\plugins\vinexel\Modules\RegisterModule.php(126): Vinexel\Modules\RegisterModule->__construct()
#13 C:\xampp\htdocs\visioniconic-development\vinexel-api\system\vendor\vision\Core\Transmitter.php(27): Vinexel\Modules\RegisterModule::getInstance()
#14 C:\xampp\htdocs\visioniconic-development\vinexel-api\public\index.php(32): Iconic\Core\Transmitter::http()
#15 {main}

[2025-02-15 17:52:51] [DEBUG]: Controller initialized
[2025-02-15 17:54:26] [DEBUG]: Controller initialized
[2025-02-15 17:54:28] [DEBUG]: Controller initialized
[2025-02-15 17:55:27] [DEBUG]: Controller initialized
[2025-02-15 18:01:57] [DEBUG]: Controller initialized
[2025-02-15 18:06:40] [DEBUG]: Controller initialized
[2025-02-15 18:06:44] [DEBUG]: Controller initialized
[2025-02-15 18:06:44] [DEBUG]: Controller initialized
[2025-02-15 18:06:44] [ERROR]: Error: include(C:\xampp\htdocs\visioniconic-development\vinexel-api/vendor/vision/core/modules/globals/malscan/config.php): Failed to open stream: No such file or directory
File: C:\xampp\htdocs\visioniconic-development\vinexel-api\system\vendor\plugins\vinexel\Modules\Globals\malscan\install\core.php on line 6
Trace:
#0 C:\xampp\htdocs\visioniconic-development\vinexel-api\system\vendor\plugins\vinexel\Modules\Globals\malscan\install\core.php(6): {closure}(2, 'include(C:\\xamp...', 'C:\\xampp\\htdocs...', 6)
#1 C:\xampp\htdocs\visioniconic-development\vinexel-api\system\vendor\plugins\vinexel\Modules\Globals\malscan\install\core.php(6): include()
#2 C:\xampp\htdocs\visioniconic-development\vinexel-api\system\vendor\plugins\vinexel\Modules\Globals\malscan\install\index.rapid.php(3): include('C:\\xampp\\htdocs...')
#3 C:\xampp\htdocs\visioniconic-development\vinexel-api\system\vendor\plugins\vinexel\Fragments\Kit\Deeper\Traits\Malscan\ViewsTrait.php(46): require_once('C:\\xampp\\htdocs...')
#4 C:\xampp\htdocs\visioniconic-development\vinexel-api\system\vendor\plugins\vinexel\Fragments\Kit\Deeper\Traits\Malscan\ViewsTrait.php(21): Vinexel\Modules\Controller\BaseController->view('install/index', Array)
#5 C:\xampp\htdocs\visioniconic-development\vinexel-api\system\vendor\plugins\vinexel\Modules\Controller\BaseController.php(143): Vinexel\Modules\Controller\BaseController->scanner(Array, 'install/index')
#6 [internal function]: Vinexel\Modules\Controller\BaseController->ms7()
#7 C:\xampp\htdocs\visioniconic-development\vinexel-api\system\vendor\plugins\vinexel\Modules\Router\Router.php(150): call_user_func_array(Array, Array)
#8 C:\xampp\htdocs\visioniconic-development\vinexel-api\system\vendor\plugins\vinexel\Modules\Router\Router.php(92): Vinexel\Modules\Router\Router::callAction('BaseController@...', Array)
#9 C:\xampp\htdocs\visioniconic-development\vinexel-api\system\framework\Modules\Router.php(71): Vinexel\Modules\Router\Router::dispatch('', 'index', Array)
#10 C:\xampp\htdocs\visioniconic-development\vinexel-api\system\vendor\plugins\vinexel\Modules\Router\RouterInitializer.php(32): Vision\Modules\Router::dispatch('', 'index', Array)
#11 C:\xampp\htdocs\visioniconic-development\vinexel-api\system\vendor\plugins\vinexel\Modules\RegisterModule.php(64): Vinexel\Modules\Router\RouterInitializer::initRouter('', 'index', Array)
#12 C:\xampp\htdocs\visioniconic-development\vinexel-api\system\vendor\plugins\vinexel\Modules\RegisterModule.php(126): Vinexel\Modules\RegisterModule->__construct()
#13 C:\xampp\htdocs\visioniconic-development\vinexel-api\system\vendor\vision\Core\Transmitter.php(27): Vinexel\Modules\RegisterModule::getInstance()
#14 C:\xampp\htdocs\visioniconic-development\vinexel-api\public\index.php(32): Iconic\Core\Transmitter::http()
#15 {main}

[2025-02-15 18:07:53] [DEBUG]: Controller initialized
[2025-02-15 18:07:53] [ERROR]: Error: include(C:\xampp\htdocs\visioniconic-development\vinexel-api/vendor/plugins/vinexel/Modules/Globals/Malscan/config.php): Failed to open stream: No such file or directory
File: C:\xampp\htdocs\visioniconic-development\vinexel-api\system\vendor\plugins\vinexel\Modules\Globals\malscan\install\core.php on line 6
Trace:
#0 C:\xampp\htdocs\visioniconic-development\vinexel-api\system\vendor\plugins\vinexel\Modules\Globals\malscan\install\core.php(6): {closure}(2, 'include(C:\\xamp...', 'C:\\xampp\\htdocs...', 6)
#1 C:\xampp\htdocs\visioniconic-development\vinexel-api\system\vendor\plugins\vinexel\Modules\Globals\malscan\install\core.php(6): include()
#2 C:\xampp\htdocs\visioniconic-development\vinexel-api\system\vendor\plugins\vinexel\Modules\Globals\malscan\install\index.rapid.php(3): include('C:\\xampp\\htdocs...')
#3 C:\xampp\htdocs\visioniconic-development\vinexel-api\system\vendor\plugins\vinexel\Fragments\Kit\Deeper\Traits\Malscan\ViewsTrait.php(46): require_once('C:\\xampp\\htdocs...')
#4 C:\xampp\htdocs\visioniconic-development\vinexel-api\system\vendor\plugins\vinexel\Fragments\Kit\Deeper\Traits\Malscan\ViewsTrait.php(21): Vinexel\Modules\Controller\BaseController->view('install/index', Array)
#5 C:\xampp\htdocs\visioniconic-development\vinexel-api\system\vendor\plugins\vinexel\Modules\Controller\BaseController.php(143): Vinexel\Modules\Controller\BaseController->scanner(Array, 'install/index')
#6 [internal function]: Vinexel\Modules\Controller\BaseController->ms7()
#7 C:\xampp\htdocs\visioniconic-development\vinexel-api\system\vendor\plugins\vinexel\Modules\Router\Router.php(150): call_user_func_array(Array, Array)
#8 C:\xampp\htdocs\visioniconic-development\vinexel-api\system\vendor\plugins\vinexel\Modules\Router\Router.php(92): Vinexel\Modules\Router\Router::callAction('BaseController@...', Array)
#9 C:\xampp\htdocs\visioniconic-development\vinexel-api\system\framework\Modules\Router.php(71): Vinexel\Modules\Router\Router::dispatch('', 'index', Array)
#10 C:\xampp\htdocs\visioniconic-development\vinexel-api\system\vendor\plugins\vinexel\Modules\Router\RouterInitializer.php(32): Vision\Modules\Router::dispatch('', 'index', Array)
#11 C:\xampp\htdocs\visioniconic-development\vinexel-api\system\vendor\plugins\vinexel\Modules\RegisterModule.php(64): Vinexel\Modules\Router\RouterInitializer::initRouter('', 'index', Array)
#12 C:\xampp\htdocs\visioniconic-development\vinexel-api\system\vendor\plugins\vinexel\Modules\RegisterModule.php(126): Vinexel\Modules\RegisterModule->__construct()
#13 C:\xampp\htdocs\visioniconic-development\vinexel-api\system\vendor\vision\Core\Transmitter.php(27): Vinexel\Modules\RegisterModule::getInstance()
#14 C:\xampp\htdocs\visioniconic-development\vinexel-api\public\index.php(32): Iconic\Core\Transmitter::http()
#15 {main}

[2025-02-15 18:08:09] [DEBUG]: Controller initialized
[2025-02-15 18:16:06] [DEBUG]: Controller initialized
[2025-02-15 18:16:25] [DEBUG]: Controller initialized
[2025-02-15 18:16:29] [DEBUG]: Controller initialized
[2025-02-15 18:16:34] [DEBUG]: Controller initialized
[2025-02-15 18:16:35] [DEBUG]: Controller initialized
[2025-02-15 18:16:37] [DEBUG]: Controller initialized
[2025-02-15 18:16:38] [DEBUG]: Controller initialized
[2025-02-15 18:16:38] [DEBUG]: Controller initialized
[2025-02-15 18:16:45] [DEBUG]: Controller initialized
[2025-02-15 18:16:46] [DEBUG]: Controller initialized
[2025-02-15 18:16:52] [DEBUG]: Controller initialized
[2025-02-15 18:22:01] [DEBUG]: Controller initialized
[2025-02-15 18:24:50] [DEBUG]: Controller initialized
[2025-02-15 18:24:51] [DEBUG]: Controller initialized
[2025-02-15 18:24:52] [DEBUG]: Controller initialized
[2025-02-15 18:24:52] [DEBUG]: Controller initialized
[2025-02-15 18:24:52] [DEBUG]: Controller initialized
[2025-02-15 18:24:52] [DEBUG]: Controller initialized
[2025-02-15 18:24:52] [DEBUG]: Controller initialized
[2025-02-15 18:24:53] [DEBUG]: Controller initialized
[2025-02-15 18:24:53] [DEBUG]: Controller initialized
[2025-02-15 18:24:53] [DEBUG]: Controller initialized
[2025-02-15 18:24:53] [DEBUG]: Controller initialized
[2025-02-15 18:24:53] [DEBUG]: Controller initialized
[2025-02-15 18:24:54] [DEBUG]: Controller initialized
[2025-02-15 18:24:54] [DEBUG]: Controller initialized
[2025-02-15 18:24:54] [DEBUG]: Controller initialized
[2025-02-15 18:24:54] [DEBUG]: Controller initialized
[2025-02-15 18:24:55] [DEBUG]: Controller initialized
[2025-02-15 18:24:55] [DEBUG]: Controller initialized
[2025-02-15 18:24:55] [DEBUG]: Controller initialized
[2025-02-15 18:24:55] [DEBUG]: Controller initialized
[2025-02-15 18:24:55] [DEBUG]: Controller initialized
[2025-02-15 18:24:56] [DEBUG]: Controller initialized
[2025-02-15 18:24:56] [DEBUG]: Controller initialized
[2025-02-15 18:24:56] [DEBUG]: Controller initialized
[2025-02-15 18:24:56] [DEBUG]: Controller initialized
[2025-02-15 18:24:56] [DEBUG]: Controller initialized
[2025-02-15 18:24:57] [DEBUG]: Controller initialized
[2025-02-15 18:24:57] [DEBUG]: Controller initialized
[2025-02-15 18:24:57] [DEBUG]: Controller initialized
[2025-02-15 18:24:57] [DEBUG]: Controller initialized
[2025-02-15 18:24:57] [DEBUG]: Controller initialized
[2025-02-15 18:24:57] [DEBUG]: Controller initialized
[2025-02-15 18:24:58] [DEBUG]: Controller initialized
[2025-02-15 18:24:58] [DEBUG]: Controller initialized
[2025-02-15 18:24:58] [DEBUG]: Controller initialized
[2025-02-15 18:24:58] [DEBUG]: Controller initialized
[2025-02-15 18:24:59] [DEBUG]: Controller initialized
[2025-02-15 18:24:59] [DEBUG]: Controller initialized
[2025-02-15 18:24:59] [DEBUG]: Controller initialized
[2025-02-15 18:24:59] [DEBUG]: Controller initialized
[2025-02-15 18:24:59] [DEBUG]: Controller initialized
[2025-02-15 18:25:00] [DEBUG]: Controller initialized
[2025-02-15 18:25:00] [DEBUG]: Controller initialized
[2025-02-15 18:25:00] [DEBUG]: Controller initialized
[2025-02-15 18:25:01] [DEBUG]: Controller initialized
[2025-02-15 18:25:01] [DEBUG]: Controller initialized
[2025-02-15 18:25:01] [DEBUG]: Controller initialized
[2025-02-15 18:25:01] [DEBUG]: Controller initialized
[2025-02-15 18:25:02] [DEBUG]: Controller initialized
[2025-02-15 18:25:02] [DEBUG]: Controller initialized
[2025-02-15 18:25:02] [DEBUG]: Controller initialized
[2025-02-15 18:25:02] [DEBUG]: Controller initialized
[2025-02-15 18:25:02] [DEBUG]: Controller initialized
[2025-02-15 18:25:03] [DEBUG]: Controller initialized
[2025-02-15 18:25:03] [DEBUG]: Controller initialized
[2025-02-15 18:25:03] [DEBUG]: Controller initialized
[2025-02-15 18:25:03] [DEBUG]: Controller initialized
[2025-02-15 18:55:15] [DEBUG]: Controller initialized
